[2019-05-28T15:19:35.673+0300] [] [INFO] [NCLS-GFLAUNCHER-00005] [javax.enterprise.launcher] [tid: _ThreadID=1 _ThreadName=main] [timeMillis: 1559045975673] [levelValue: 800] [[
  JVM invocation command line:
C:\Program Files\Java\jdk1.8.0_181\jre\bin\java.exe
-cp
C:/Users/Domas/IdeaProjects/payara5/glassfish/modules/glassfish.jar
-XX:+UnlockDiagnosticVMOptions
-XX:NewRatio=2
-Xmx512m
-Xbootclasspath/p:C:\Users\Domas\IdeaProjects\payara5\glassfish/lib/grizzly-npn-bootstrap-1.8.1.jar
-client
-javaagent:C:/Users/Domas/IdeaProjects/payara5/glassfish/lib/monitor/flashlight-agent.jar
-Djavax.xml.accessExternalSchema=all
-Djavax.net.ssl.trustStore=C:\Users\Domas\IdeaProjects\payara5\glassfish\domains\domain1/config/cacerts.jks
-Djdk.tls.rejectClientInitiatedRenegotiation=true
-Djdk.corba.allowOutputStreamSubclass=true
-Dfelix.fileinstall.dir=C:\Users\Domas\IdeaProjects\payara5\glassfish/modules/autostart/
-Dorg.glassfish.additionalOSGiBundlesToStart=org.apache.felix.shell,org.apache.felix.gogo.runtime,org.apache.felix.gogo.shell,org.apache.felix.gogo.command,org.apache.felix.shell.remote,org.apache.felix.fileinstall
-Dcom.sun.aas.installRoot=C:\Users\Domas\IdeaProjects\payara5\glassfish
-Dfelix.fileinstall.poll=5000
-Djava.endorsed.dirs=C:\Users\Domas\IdeaProjects\payara5\glassfish/modules/endorsed;C:\Users\Domas\IdeaProjects\payara5\glassfish/lib/endorsed
-Djava.security.policy=C:\Users\Domas\IdeaProjects\payara5\glassfish\domains\domain1/config/server.policy
-Dosgi.shell.telnet.maxconn=1
-Dfelix.fileinstall.bundles.startTransient=true
-Dcom.sun.enterprise.config.config_environment_factory_class=com.sun.enterprise.config.serverbeans.AppserverConfigEnvironmentFactory
-Dfelix.fileinstall.log.level=2
-Djavax.net.ssl.keyStore=C:\Users\Domas\IdeaProjects\payara5\glassfish\domains\domain1/config/keystore.jks
-Djava.security.auth.login.config=C:\Users\Domas\IdeaProjects\payara5\glassfish\domains\domain1/config/login.conf
-Dfelix.fileinstall.disableConfigSave=false
-Dorg.glassfish.grizzly.DEFAULT_MEMORY_MANAGER=org.glassfish.grizzly.memory.HeapMemoryManager
-Dfelix.fileinstall.bundles.new.start=true
-Dcom.sun.aas.instanceRoot=C:\Users\Domas\IdeaProjects\payara5\glassfish\domains\domain1
-Dosgi.shell.telnet.port=6666
-Dgosh.args=--nointeractive
-Dcom.sun.enterprise.security.httpsOutboundKeyAlias=s1as
-Dorg.jboss.weld.serialization.beanIdentifierIndexOptimization=false
-Dosgi.shell.telnet.ip=127.0.0.1
-DANTLR_USE_DIRECT_CLASS_LOADING=true
-Djava.awt.headless=true
-Dcom.ctc.wstx.returnNullForDefaultNamespace=true
-Djava.ext.dirs=C:\Program Files\Java\jre1.8.0_201/lib/ext;C:\Program Files\Java\jre1.8.0_201/jre/lib/ext;C:\Users\Domas\IdeaProjects\payara5\glassfish\domains\domain1/lib/ext
-Djdbc.drivers=org.apache.derby.jdbc.ClientDriver
-Dorg.glassfish.grizzly.nio.DefaultSelectorHandler.force-selector-spin-detection=true
-Djava.library.path=C:/Users/Domas/IdeaProjects/payara5/glassfish/lib;C:/Program Files (x86)/Common Files/Oracle/Java/javapath;C:/Windows/Sun/Java/bin;C:/Windows/System32;C:/Windows;C:/Program Files (x86)/NVIDIA Corporation/PhysX/Common;C:/Windows/System32/wbem;C:/Windows/System32/WindowsPowerShell/v1.0;C:/Program Files/dotnet;C:/xampp/php;C:/ProgramData/ComposerSetup/bin;C:/Program Files/nodejs;C:/Windows/System32/OpenSSH;C:/Users/Domas/Downloads/apache-maven-3.6.0;C:/Users/Domas/Downloads/apache-maven-3.6.0/bin;C:/Program Files/Git/cmd;C:/Program Files (x86)/GitExtensions;C:/Program Files/PuTTY;C:/Users/Domas/AppData/Local/Microsoft/WindowsApps;C:/Users/Domas/AppData/Roaming/Composer/vendor/bin;C:/Users/Domas/AppData/Local/Programs/Microsoft VS Code/bin;C:/Users/Domas/AppData/Roaming/npm;C:/Program Files/JetBrains/IntelliJ IDEA 2018.3/bin;C:/Program Files/Java/jdk1.8.0_181;C:/Program Files/Java/jre1.8.0_181;C:/sqlite;C:/Users/Domas/AppData/Local/GitHubDesktop/bin;C:/Program Files/JetBrains/IntelliJ IDEA 2019.1.1/bin;C:/Users/Domas/IdeaProjects/payara5/glassfish/bin
com.sun.enterprise.glassfish.bootstrap.ASMain
-upgrade
false
-domaindir
C:/Users/Domas/IdeaProjects/payara5/glassfish/domains/domain1
-read-stdin
true
-asadmin-args
--host,,,localhost,,,--port,,,4848,,,--secure=false,,,--terse=false,,,--echo=false,,,--interactive=false,,,start-domain,,,--verbose=false,,,--watchdog=false,,,--debug=false,,,--domaindir,,,C:\Users\Domas\IdeaProjects\payara5\glassfish\domains,,,domain1
-domainname
domain1
-instancename
server
-type
DAS
-verbose
false
-asadmin-classpath
C:/Users/Domas/IdeaProjects/payara5/glassfish/lib/client/appserver-cli.jar
-debug
false
-asadmin-classname
com.sun.enterprise.admin.cli.AdminMain
-watchdog
false]]

[2019-05-28T15:20:23.685+0300] [Payara 5.191] [INFO] [NCLS-LOGGING-00009] [javax.enterprise.logging] [tid: _ThreadID=21 _ThreadName=RunLevelControllerThread-1559046022381] [timeMillis: 1559046023685] [levelValue: 800] [[
  Running Payara Version: Payara Server  5.191 #badassfish (build 94)]]

[2019-05-28T15:20:23.685+0300] [Payara 5.191] [INFO] [NCLS-LOGGING-00010] [javax.enterprise.logging] [tid: _ThreadID=21 _ThreadName=RunLevelControllerThread-1559046022381] [timeMillis: 1559046023685] [levelValue: 800] [[
  Server log file is using Formatter class: com.sun.enterprise.server.logging.ODLLogFormatter]]

[2019-05-28T15:20:24.004+0300] [Payara 5.191] [INFO] [] [org.hibernate.validator.internal.util.Version] [tid: _ThreadID=22 _ThreadName=RunLevelControllerThread-1559046022381] [timeMillis: 1559046024004] [levelValue: 800] [[
  HV000001: Hibernate Validator 6.0.15.Final]]

[2019-05-28T15:20:24.343+0300] [Payara 5.191] [INFO] [NCLS-CORE-00101] [javax.enterprise.system.core] [tid: _ThreadID=23 _ThreadName=RunLevelControllerThread-1559046022381] [timeMillis: 1559046024343] [levelValue: 800] [[
  Network Listener http-listener-1 started in: 9ms - bound to [/0.0.0.0:8080]]]

[2019-05-28T15:20:24.362+0300] [Payara 5.191] [INFO] [NCLS-CORE-00101] [javax.enterprise.system.core] [tid: _ThreadID=23 _ThreadName=RunLevelControllerThread-1559046022381] [timeMillis: 1559046024362] [levelValue: 800] [[
  Network Listener http-listener-2 started in: 1ms - bound to [/0.0.0.0:8181]]]

[2019-05-28T15:20:24.366+0300] [Payara 5.191] [INFO] [NCLS-CORE-00101] [javax.enterprise.system.core] [tid: _ThreadID=23 _ThreadName=RunLevelControllerThread-1559046022381] [timeMillis: 1559046024366] [levelValue: 800] [[
  Network Listener admin-listener started in: 1ms - bound to [/0.0.0.0:4848]]]

[2019-05-28T15:20:24.367+0300] [Payara 5.191] [INFO] [NCLS-CORE-00087] [javax.enterprise.system.core] [tid: _ThreadID=23 _ThreadName=RunLevelControllerThread-1559046022381] [timeMillis: 1559046024367] [levelValue: 800] [[
  Grizzly 2.4.3 started in: 557ms - bound to [http-listener-1:8080, http-listener-2:8181, admin-listener:4848]]]

[2019-05-28T15:20:25.900+0300] [Payara 5.191] [INFO] [] [org.glassfish.ha.store.spi.BackingStoreFactoryRegistry] [tid: _ThreadID=23 _ThreadName=RunLevelControllerThread-1559046022381] [timeMillis: 1559046025900] [levelValue: 800] [[
  Registered fish.payara.ha.hazelcast.store.HazelcastBackingStoreFactoryProxy for persistence-type = hazelcast in BackingStoreFactoryRegistry]]

[2019-05-28T15:20:25.916+0300] [Payara 5.191] [INFO] [NCLS-CORE-00101] [javax.enterprise.system.core] [tid: _ThreadID=23 _ThreadName=RunLevelControllerThread-1559046022381] [timeMillis: 1559046025916] [levelValue: 800] [[
  Network Listener iiop-service started in: 16ms - bound to [/0.0.0.0:3700]]]

[2019-05-28T15:20:30.240+0300] [Payara 5.191] [INFO] [] [fish.payara.nucleus.hazelcast.HazelcastCore] [tid: _ThreadID=24 _ThreadName=RunLevelControllerThread-1559046022381] [timeMillis: 1559046030240] [levelValue: 800] [[
  Hazelcast Instance Bound to JNDI at payara/Hazelcast]]

[2019-05-28T15:20:30.240+0300] [Payara 5.191] [INFO] [] [fish.payara.nucleus.hazelcast.HazelcastCore] [tid: _ThreadID=24 _ThreadName=RunLevelControllerThread-1559046022381] [timeMillis: 1559046030240] [levelValue: 800] [[
  JSR107 Caching Provider Bound to JNDI at payara/CachingProvider]]

[2019-05-28T15:20:30.240+0300] [Payara 5.191] [INFO] [] [fish.payara.nucleus.hazelcast.HazelcastCore] [tid: _ThreadID=24 _ThreadName=RunLevelControllerThread-1559046022381] [timeMillis: 1559046030240] [levelValue: 800] [[
  JSR107 Default Cache Manager Bound to JNDI at payara/CacheManager]]

[2019-05-28T15:20:30.240+0300] [Payara 5.191] [INFO] [NCLS-CORE-00017] [javax.enterprise.system.core] [tid: _ThreadID=1 _ThreadName=main] [timeMillis: 1559046030240] [levelValue: 800] [[
  Payara Server  5.191 #badassfish (94) startup time : Felix (46 040ms), startup services(7 875ms), total(53 915ms)]]

[2019-05-28T15:20:30.240+0300] [Payara 5.191] [INFO] [] [fish.payara.nucleus.notification.NotificationService] [tid: _ThreadID=1 _ThreadName=main] [timeMillis: 1559046030240] [levelValue: 800] [[
  Payara Notification Service bootstrapped with configuration: NotificationExecutionOptions{enabled=true, notifierConfigurationExecutionOptionsList={LOG=LogNotifierConfigurationExecutionOptions{useSeparateLogFile=false} NotifierConfigurationExecutionOptions{notifierType=LOG, enabled=true, noisy=true}}}]]

[2019-05-28T15:20:30.255+0300] [Payara 5.191] [INFO] [] [fish.payara.nucleus.cluster.PayaraCluster] [tid: _ThreadID=148 _ThreadName=Executor-Service-49] [timeMillis: 1559046030255] [levelValue: 800] [[
  Data Grid Status 
Payara Data Grid State: DG Version: 35 DG Name: development DG Size: 1
Instances: {
 DataGrid: development Instance Group: MicroShoal Name: server Lite: false This: true UUID: daad9291-e409-42a3-ba4b-ac53a38d48d0 Address: /192.168.1.139:4900
}]]

[2019-05-28T15:20:30.891+0300] [Payara 5.191] [INFO] [NCLS-JMX-00005] [javax.enterprise.system.jmx] [tid: _ThreadID=171 _ThreadName=Thread-10] [timeMillis: 1559046030891] [levelValue: 800] [[
  JMXStartupService has started JMXConnector on JMXService URL service:jmx:rmi://0.0.0.0:8686/jndi/rmi://0.0.0.0:8686/jmxrmi]]

[2019-05-28T15:20:30.921+0300] [Payara 5.191] [INFO] [NCLS-CORE-00101] [javax.enterprise.system.core] [tid: _ThreadID=23 _ThreadName=RunLevelControllerThread-1559046022381] [timeMillis: 1559046030921] [levelValue: 800] [[
  Network Listener JMS_PROXY_default_JMS_host started in: 0ms - bound to [/0.0.0.0:7676]]]

[2019-05-28T15:20:31.449+0300] [Payara 5.191] [INFO] [] [org.jvnet.hk2.osgiadapter] [tid: _ThreadID=19 _ThreadName=FelixStartLevel] [timeMillis: 1559046031449] [levelValue: 800] [[
  Skipping registration of inhabitant for service reference [org.osgi.service.metatype.MetaTypeProvider] as the service object could not be obtained.]]

[2019-05-28T15:20:31.860+0300] [Payara 5.191] [SEVERE] [NCLS-SECURITY-05054] [javax.enterprise.system.security.ssl] [tid: _ThreadID=51 _ThreadName=admin-thread-pool::admin-listener(1)] [timeMillis: 1559046031860] [levelValue: 1000] [[
  The SSL certificate has expired: [
[
  Version: V3
  Subject: CN=Entrust.net Secure Server Certification Authority, OU=(c) 1999 Entrust.net Limited, OU=www.entrust.net/CPS incorp. by ref. (limits liab.), O=Entrust.net, C=US
  Signature Algorithm: SHA1withRSA, OID = 1.2.840.113549.1.1.5

  Key:  Sun RSA public key, 1024 bits
  modulus: 144067023913051061401427662951005762134922353734488468053603530223452408322326917369347612678930500793708458747092762943382762018047024013938414215872028527163969125655573945488614401571467677066488315957153441759858575776484848611157850921563438091296557524842885335944479053857025193408242979060399539152451
  public exponent: 3
  Validity: [From: Tue May 25 19:09:40 EEST 1999,
               To: Sat May 25 19:39:40 EEST 2019]
  Issuer: CN=Entrust.net Secure Server Certification Authority, OU=(c) 1999 Entrust.net Limited, OU=www.entrust.net/CPS incorp. by ref. (limits liab.), O=Entrust.net, C=US
  SerialNumber: [    374ad243]

Certificate Extensions: 8
[1]: ObjectId: 1.2.840.113533.7.65.0 Criticality=false
Extension unknown: DER encoded OCTET string =
0000: 04 0C 30 0A 1B 04 56 34   2E 30 03 02 04 90        ..0...V4.0....


[2]: ObjectId: 2.5.29.35 Criticality=false
AuthorityKeyIdentifier [
KeyIdentifier [
0000: F0 17 62 13 55 3D B3 FF   0A 00 6B FB 50 84 97 F3  ..b.U=....k.P...
0010: ED 62 D0 1A                                        .b..
]
]

[3]: ObjectId: 2.5.29.19 Criticality=false
BasicConstraints:[
  CA:true
  PathLen:2147483647
]

[4]: ObjectId: 2.5.29.31 Criticality=false
CRLDistributionPoints [
  [DistributionPoint:
     [CN=CRL1, CN=Entrust.net Secure Server Certification Authority, OU=(c) 1999 Entrust.net Limited, OU=www.entrust.net/CPS incorp. by ref. (limits liab.), O=Entrust.net, C=US]
, DistributionPoint:
     [URIName: http://www.entrust.net/CRL/net1.crl]
]]

[5]: ObjectId: 2.5.29.15 Criticality=false
KeyUsage [
  Key_CertSign
  Crl_Sign
]

[6]: ObjectId: 2.16.840.1.113730.1.1 Criticality=false
NetscapeCertType [
   SSL CA
   S/MIME CA
   Object Signing CA]

[7]: ObjectId: 2.5.29.16 Criticality=false
PrivateKeyUsage: [
From: Tue May 25 19:09:40 EEST 1999, To: Sat May 25 19:09:40 EEST 2019]

[8]: ObjectId: 2.5.29.14 Criticality=false
SubjectKeyIdentifier [
KeyIdentifier [
0000: F0 17 62 13 55 3D B3 FF   0A 00 6B FB 50 84 97 F3  ..b.U=....k.P...
0010: ED 62 D0 1A                                        .b..
]
]

]
  Algorithm: [SHA1withRSA]
  Signature:
0000: 90 DC 30 02 FA 64 74 C2   A7 0A A5 7C 21 8D 34 17  ..0..dt.....!.4.
0010: A8 FB 47 0E FF 25 7C 8D   13 0A FB E4 98 B5 EF 8C  ..G..%..........
0020: F8 C5 10 0D F7 92 BE F1   C3 D5 D5 95 6A 04 BB 2C  ............j..,
0030: CE 26 36 65 C8 31 C6 E7   EE 3F E3 57 75 84 7A 11  .&6e.1...?.Wu.z.
0040: EF 46 4F 18 F4 D3 98 BB   A8 87 32 BA 72 F6 3C E2  .FO.......2.r.<.
0050: 3D 9F D7 1D D9 C3 60 43   8C 58 0E 22 96 2F 62 A3  =.....`C.X."./b.
0060: 2C 1F BA AD 05 EF AB 32   78 87 A0 54 73 19 B5 5C  ,......2x..Ts..\
0070: 05 F9 52 3E 6D 2D 45 0B   F7 0A 93 EA ED 06 F9 B2  ..R>m-E.........

]]]

[2019-05-28T15:20:31.860+0300] [Payara 5.191] [INFO] [NCLS-SECURITY-01002] [javax.enterprise.system.core.security] [tid: _ThreadID=51 _ThreadName=admin-thread-pool::admin-listener(1)] [timeMillis: 1559046031860] [levelValue: 800] [[
  Java security manager is disabled.]]

[2019-05-28T15:20:31.876+0300] [Payara 5.191] [INFO] [NCLS-SECURITY-01010] [javax.enterprise.system.core.security] [tid: _ThreadID=51 _ThreadName=admin-thread-pool::admin-listener(1)] [timeMillis: 1559046031876] [levelValue: 800] [[
  Entering Security Startup Service.]]

[2019-05-28T15:20:31.879+0300] [Payara 5.191] [INFO] [NCLS-SECURITY-01143] [javax.enterprise.system.core.security] [tid: _ThreadID=51 _ThreadName=admin-thread-pool::admin-listener(1)] [timeMillis: 1559046031879] [levelValue: 800] [[
  Loading policy provider com.sun.enterprise.security.provider.PolicyWrapper.]]

[2019-05-28T15:20:31.913+0300] [Payara 5.191] [INFO] [NCLS-SECURITY-01011] [javax.enterprise.system.core.security] [tid: _ThreadID=51 _ThreadName=admin-thread-pool::admin-listener(1)] [timeMillis: 1559046031913] [levelValue: 800] [[
  Security Service(s) started successfully.]]

[2019-05-28T15:20:32.102+0300] [Payara 5.191] [INFO] [AS-WEB-GLUE-00198] [javax.enterprise.web] [tid: _ThreadID=51 _ThreadName=admin-thread-pool::admin-listener(1)] [timeMillis: 1559046032102] [levelValue: 800] [[
  Created HTTP listener http-listener-1 on host/port 0.0.0.0:8080]]

[2019-05-28T15:20:32.102+0300] [Payara 5.191] [INFO] [AS-WEB-GLUE-00198] [javax.enterprise.web] [tid: _ThreadID=51 _ThreadName=admin-thread-pool::admin-listener(1)] [timeMillis: 1559046032102] [levelValue: 800] [[
  Created HTTP listener http-listener-2 on host/port 0.0.0.0:8181]]

[2019-05-28T15:20:32.102+0300] [Payara 5.191] [INFO] [AS-WEB-GLUE-00198] [javax.enterprise.web] [tid: _ThreadID=51 _ThreadName=admin-thread-pool::admin-listener(1)] [timeMillis: 1559046032102] [levelValue: 800] [[
  Created HTTP listener admin-listener on host/port 0.0.0.0:4848]]

[2019-05-28T15:20:32.133+0300] [Payara 5.191] [INFO] [AS-WEB-GLUE-00200] [javax.enterprise.web] [tid: _ThreadID=51 _ThreadName=admin-thread-pool::admin-listener(1)] [timeMillis: 1559046032133] [levelValue: 800] [[
  Created virtual server server]]

[2019-05-28T15:20:32.133+0300] [Payara 5.191] [INFO] [AS-WEB-GLUE-00200] [javax.enterprise.web] [tid: _ThreadID=51 _ThreadName=admin-thread-pool::admin-listener(1)] [timeMillis: 1559046032133] [levelValue: 800] [[
  Created virtual server __asadmin]]

[2019-05-28T15:20:32.283+0300] [Payara 5.191] [INFO] [AS-WEB-CORE-00306] [javax.enterprise.web.core] [tid: _ThreadID=51 _ThreadName=admin-thread-pool::admin-listener(1)] [timeMillis: 1559046032283] [levelValue: 800] [[
  Setting JAAS app name glassfish-web]]

[2019-05-28T15:20:32.283+0300] [Payara 5.191] [INFO] [AS-WEB-GLUE-00201] [javax.enterprise.web] [tid: _ThreadID=51 _ThreadName=admin-thread-pool::admin-listener(1)] [timeMillis: 1559046032283] [levelValue: 800] [[
  Virtual server server loaded default web module ]]

[2019-05-28T15:20:34.456+0300] [Payara 5.191] [INFO] [AS-WEB-GLUE-00172] [javax.enterprise.web] [tid: _ThreadID=51 _ThreadName=admin-thread-pool::admin-listener(1)] [timeMillis: 1559046034456] [levelValue: 800] [[
  Loading application [VSAT_Praktika_war_exploded] at [/VSAT_Praktika_war_exploded]]]

[2019-05-28T15:20:34.886+0300] [Payara 5.191] [INFO] [] [javax.enterprise.system.core] [tid: _ThreadID=51 _ThreadName=admin-thread-pool::admin-listener(1)] [timeMillis: 1559046034886] [levelValue: 800] [[
  VSAT_Praktika_war_exploded was successfully deployed in 4 022 milliseconds.]]

[2019-05-28T15:21:28.191+0300] [Payara 5.191] [INFO] [NCLS-REST-00001] [javax.enterprise.admin.rest] [tid: _ThreadID=175 _ThreadName=admin-thread-pool::admin-listener(2)] [timeMillis: 1559046088191] [levelValue: 800] [[
  Listening to REST requests at context: /command/domain.]]

[2019-05-28T15:21:29.040+0300] [Payara 5.191] [INFO] [NCLS-CORE-00092] [javax.enterprise.system.core] [tid: _ThreadID=224 _ThreadName=Thread-29] [timeMillis: 1559046089040] [levelValue: 800] [[
  Server shutdown initiated]]

[2019-05-28T15:21:29.088+0300] [Payara 5.191] [INFO] [] [] [tid: _ThreadID=224 _ThreadName=Thread-29] [timeMillis: 1559046089088] [levelValue: 800] [[
  FileMonitoring shutdown]]

[2019-05-28T15:21:29.093+0300] [Payara 5.191] [INFO] [NCLS-JMX-00002] [javax.enterprise.system.jmx] [tid: _ThreadID=224 _ThreadName=Thread-29] [timeMillis: 1559046089093] [levelValue: 800] [[
  JMXStartupService: Stopped JMXConnectorServer: null]]

[2019-05-28T15:21:29.093+0300] [Payara 5.191] [INFO] [NCLS-JMX-00001] [javax.enterprise.system.jmx] [tid: _ThreadID=224 _ThreadName=Thread-29] [timeMillis: 1559046089093] [levelValue: 800] [[
  JMXStartupService and JMXConnectors have been shut down.]]

[2019-05-28T15:21:29.183+0300] [Payara 5.191] [INFO] [] [fish.payara.nucleus.hazelcast.HazelcastCore] [tid: _ThreadID=233 _ThreadName=RunLevelControllerThread-1559046089145] [timeMillis: 1559046089183] [levelValue: 800] [[
  Hazelcast Instance Unbound from JNDI at payara/Hazelcast]]

[2019-05-28T15:21:29.183+0300] [Payara 5.191] [INFO] [] [fish.payara.nucleus.hazelcast.HazelcastCore] [tid: _ThreadID=233 _ThreadName=RunLevelControllerThread-1559046089145] [timeMillis: 1559046089183] [levelValue: 800] [[
  JSR107 Caching Provider Unbound from JNDI at payara/CachingProvider]]

[2019-05-28T15:21:29.183+0300] [Payara 5.191] [INFO] [] [fish.payara.nucleus.hazelcast.HazelcastCore] [tid: _ThreadID=233 _ThreadName=RunLevelControllerThread-1559046089145] [timeMillis: 1559046089183] [levelValue: 800] [[
  JSR107 Cache Manager Unbound from JNDI at payara/CacheManager]]

[2019-05-28T15:21:29.246+0300] [Payara 5.191] [INFO] [] [fish.payara.nucleus.hazelcast.HazelcastCore] [tid: _ThreadID=233 _ThreadName=RunLevelControllerThread-1559046089145] [timeMillis: 1559046089246] [levelValue: 800] [[
  Shutdown Hazelcast]]

[2019-05-28T15:21:29.278+0300] [Payara 5.191] [INFO] [] [] [tid: _ThreadID=230 _ThreadName=RunLevelControllerThread-1559046089144] [timeMillis: 1559046089278] [levelValue: 800] [[
  JdbcRuntimeExtension,  getAllSystemRAResourcesAndPools = [GlassFishConfigBean.org.glassfish.jdbc.config.JdbcResource, GlassFishConfigBean.org.glassfish.jdbc.config.JdbcResource, GlassFishConfigBean.org.glassfish.jdbc.config.JdbcResource, GlassFishConfigBean.org.glassfish.jdbc.config.JdbcConnectionPool, GlassFishConfigBean.org.glassfish.jdbc.config.JdbcConnectionPool, GlassFishConfigBean.org.glassfish.jdbc.config.JdbcConnectionPool]]]

